T4CE9DC00 000:002.570   SEGGER J-Link V7.96q Log File
T4CE9DC00 000:002.736   DLL Compiled: Jun 28 2024 12:39:24
T4CE9DC00 000:002.739   Logging started @ 2025-03-19 11:15
T4CE9DC00 000:002.742   Process: /home/tdn/.eclipse/com.renesas.platform_1616347492/DebugComp/assp-riscv/e2-server-gdb
T4CE9DC00 000:002.744 - 2.744ms
T4CE9DC00 000:002.748 JLINK_GetDLLVersion()
T4CE9DC00 000:002.751 - 0.003ms returns 79617
T4CE9DC00 000:003.955 JLINK_OpenEx(...)
T4CE9DC00 000:007.981   Firmware: J-Link OB-RA4M2 compiled Jan 22 2025 10:52:12
T4CE9DC00 000:008.820   Firmware: J-Link OB-RA4M2 compiled Jan 22 2025 10:52:12
T4CE9DC00 000:022.405   Hardware: V1.00
T4CE9DC00 000:022.440   S/N: 1089081347
T4CE9DC00 000:022.444   OEM: SEGGER
T4CE9DC00 000:022.449   Feature(s): None
T4CE9DC00 000:022.876   Bootloader: 2021 May 14
T4CE9DC00 000:023.210   USB speed mode: Full speed (12 MBit/s)
T4CE9DC00 000:023.617   TELNET listener socket opened on port 19021
T4CE9DC00 000:023.738   WEBSRV WEBSRV_Init(): Starting webserver thread(s)
T4CE9DC00 000:023.993   WEBSRV Webserver running on local port 19080
T4CE9DC00 000:024.044   Looking for J-Link GUI Server exe at: RISCV/Segger/JLinkGUIServerExe
T4CE9DC00 000:024.608   Looking for J-Link GUI Server exe at: /opt/SEGGER/JLink/JLinkGUIServerExe
T4CE9DC00 000:024.629   Forking J-Link GUI Server: /opt/SEGGER/JLink/JLinkGUIServerExe
T4CE9DC00 000:047.509   J-Link GUI Server info: "J-Link GUI server V8.14 "
T4CE9DC00 000:048.328 - 44.357ms returns "O.K."
T4CE9DC00 000:048.406 JLINK_ExecCommand("ProjectFile="/home/tdn/safe_sw_eb/R9A02G021/R9A02G021_native/R9A02G021_native HardwareDebug.jlink"", ...). 
T4CE9DC00 000:069.765 - 21.358ms returns 0x00
T4CE9DC00 000:070.042 JLINK_ExecCommand("device=R9A02G021", ...). 
T4CE9DC00 000:072.402   Flash bank @ 0x00000000: SFL: Parsing sectorization info from ELF file
T4CE9DC00 000:072.412     FlashDevice.SectorInfo[0]: .SectorSize = 0x00000800, .SectorStartAddr = 0x00000000
T4CE9DC00 000:072.415   FlashBank @0x00000000: Sectorization info from SFL ELF file ignored because sectorization override from DLL / XML file is active.
T4CE9DC00 000:072.511   Flash bank @ 0x00000000: SFL: Parsing sectorization info from ELF file
T4CE9DC00 000:072.513     FlashDevice.SectorInfo[0]: .SectorSize = 0x00000004, .SectorStartAddr = 0x00000000
T4CE9DC00 000:072.516   FlashBank @0x01010008: Sectorization info from SFL ELF file ignored because sectorization override from DLL / XML file is active.
T4CE9DC00 000:072.543   Flash bank @ 0x00000000: SFL: Parsing sectorization info from ELF file
T4CE9DC00 000:072.545     FlashDevice.SectorInfo[0]: .SectorSize = 0x00000400, .SectorStartAddr = 0x00000000
T4CE9DC00 000:072.547   FlashBank @0x40100000: Sectorization info from SFL ELF file ignored because sectorization override from DLL / XML file is active.
T4CE9DC00 000:072.558   Device "R9A02G021" selected.
T4CE9DC00 000:072.657 - 2.608ms returns 0x00
T4CE9DC00 000:072.668 JLINK_ExecCommand("SetCPUConnectIDCODE = FFFFFFFFFFFFFFFFFFFFFFFFFFFFFFFF", ...). 
T4CE9DC00 000:072.672 - 0.001ms returns 0x00
T4CE9DC00 000:072.674 JLINK_TIF_GetAvailable(...)
T4CE9DC00 000:072.889 - 0.215ms
T4CE9DC00 000:072.895 JLINK_TIF_Select(JLINKARM_TIF_CJTAG)
T4CE9DC00 000:087.190 - 14.296ms returns 0x00
T4CE9DC00 000:087.200 JLINK_SetSpeed(4000)
T4CE9DC00 000:087.257 - 0.057ms
T4CE9DC00 000:087.259 JLINK_SetEndian(ARM_ENDIAN_LITTLE)
T4CE9DC00 000:087.261 - 0.001ms returns 0
T4CE9DC00 000:087.270 JLINK_SetInitRegsOnReset(OFF)
T4CE9DC00 000:087.271 - 0.009ms returns 1
T4CE9DC00 000:087.272 JLINK_SetResetType(JLINKARM_RESET_TYPE_NORMAL)
T4CE9DC00 000:087.274 - 0.002ms returns JLINKARM_RESET_TYPE_NORMAL
T4CE9DC00 000:087.276 JLINK_ExecCommand("DisableFlashBPs", ...). 
T4CE9DC00 000:087.278 - 0.000ms returns 0x00
T4CE9DC00 000:087.305 JLINK_ExecCommand("SetAllowFlashCache = 1", ...). 
T4CE9DC00 000:087.307 - 0.001ms returns 0x01
T4CE9DC00 000:087.309 JLINK_ExecCommand("SetRestartOnClose = 0", ...). 
T4CE9DC00 000:087.311 - 0.001ms returns 0x01
T4CE9DC00 000:087.313 JLINK_EnableSoftBPs(ON)
T4CE9DC00 000:087.320 - 0.007ms
T4CE9DC00 000:087.322 JLINK_Connect()
T4CE9DC00 000:087.427   ConfigTargetSettings() start
T4CE9DC00 000:087.429    J-Link Script File: Executing ConfigTargetSettings()
T4CE9DC00 000:087.436   ConfigTargetSettings() end - Took 6us
T4CE9DC00 000:106.008   Could not measure total IR len. TDO is constant high.
T4CE9DC00 000:106.483   Failed to identify target. Resetting via Reset pin and trying again.
T4CE9DC00 000:258.223   ConfigTargetSettings() start
T4CE9DC00 000:258.258    J-Link Script File: Executing ConfigTargetSettings()
T4CE9DC00 000:258.278   ConfigTargetSettings() end - Took 19us
T4CE9DC00 000:275.154   TotalIRLen = 5, IRPrint = 0x05
T4CE9DC00 000:307.793   JTAG chain detection found 1 devices:
T4CE9DC00 000:307.857    #0 Id: 0x00000001, IRLen: 05, Unknown device
T4CE9DC00 000:307.870   Assuming RISC-V TAP with DTM setup
T4CE9DC00 000:308.113   Debug architecture:
T4CE9DC00 000:308.123     RISC-V debug: 0.13
T4CE9DC00 000:308.129     AddrBits: 14
T4CE9DC00 000:308.135     DataBits: 32
T4CE9DC00 000:308.141     IdleClks: 4
T4CE9DC00 000:308.147   Memory access:
T4CE9DC00 000:308.948     Via system bus: No
T4CE9DC00 000:309.451     Via ProgBuf: Yes (8 ProgBuf entries)
T4CE9DC00 000:309.461     Via abstract command (AAM): May be tried as last resort
T4CE9DC00 000:309.467   DataBuf: 4 entries
T4CE9DC00 000:310.394     autoexec[0] implemented: Yes
T4CE9DC00 000:314.629   Detected: RV32 core
T4CE9DC00 000:314.910   -- Max. mem block: 0x0001D998
T4CE9DC00 000:316.015   Temp. halting CPU for for feature detection...
T4CE9DC00 000:353.918   HW instruction/data BPs: 4
T4CE9DC00 000:353.967   Support set/clr BPs while running: No
T4CE9DC00 000:358.572   HW data BPs trigger before execution of inst
T4CE9DC00 000:359.907   CSR access via abs. commands: Yes
T4CE9DC00 000:359.931   Compressed instruction support: Yes
T4CE9DC00 000:359.936   Feature detection done. Restarting core...
T4CE9DC00 000:363.536   BG memory access support: No
T4CE9DC00 000:363.563   SetupTarget() start
T4CE9DC00 000:363.570    J-Link Script File: Executing SetupTarget()
T4CE9DC00 000:363.585   Memory access: CPU temp. halted: https://wiki.segger.com/Memory_accesses#Stop_mode
T4CE9DC00 000:363.595   CPU_ReadMem(2 bytes @ 0x4001E3FE)
T4CE9DC00 000:370.764   CPU is running
T4CE9DC00 000:370.814   CPU_WriteMem(2 bytes @ 0x4001E3FE)
T4CE9DC00 000:377.889   CPU is running
T4CE9DC00 000:377.941   CPU_WriteMem(1 bytes @ 0x4001E40E)
T4CE9DC00 000:385.145   CPU is running
T4CE9DC00 000:385.198   CPU_WriteMem(2 bytes @ 0x4001E3FE)
T4CE9DC00 000:392.342   SetupTarget() end - Took 28.7ms
T4CE9DC00 000:392.448   Initializing 12288 bytes work RAM @ 0x20004000
T4CE9DC00 000:392.467   RISC-V: Performing reset via <ndmreset>
T4CE9DC00 000:562.296   CPU_WriteMem(12288 bytes @ 0x20004000)
T4CE9DC00 002:176.990 - 2089.662ms returns 0x00
T4CE9DC00 002:177.083 JLINK_ResetPullsRESET(ON)
T4CE9DC00 002:177.097 - 0.014ms
T4CE9DC00 002:177.108 JLINK_Halt()
T4CE9DC00 002:178.194 - 1.081ms returns 0x00
T4CE9DC00 002:178.273 JLINK_IsHalted()
T4CE9DC00 002:178.292 - 0.019ms returns TRUE
T4CE9DC00 002:178.305 JLINK_Reset()
T4CE9DC00 002:178.339   RISC-V: Performing reset via <ndmreset>
T4CE9DC00 002:350.284 - 171.975ms
T4CE9DC00 002:350.343 JLINK_SetEndian(ARM_ENDIAN_LITTLE)
T4CE9DC00 002:350.351 - 0.009ms returns 0
T4CE9DC00 002:350.361 JLINK_IsHalted()
T4CE9DC00 002:350.372 - 0.010ms returns TRUE
T457F36C0 002:635.440 JLINK_BeginDownload(Flags = 0x00000000)
T457F36C0 002:635.485 - 0.046ms
T457F36C0 002:642.499 JLINK_IsHalted()
T457F36C0 002:642.553 - 0.055ms returns TRUE
T457F36C0 002:642.564 JLINK_WriteMem(0x00000000, 0x94 Bytes, ...)
T457F36C0 002:642.573   Data:  97 11 00 00 93 81 01 80 17 71 00 20 13 01 41 FF ...
T457F36C0 002:643.566   completely In flash
T457F36C0 002:643.607 - 1.044ms returns 0x94
T457F36C0 002:644.092 JLINK_IsHalted()
T457F36C0 002:644.133 - 0.042ms returns TRUE
T457F36C0 002:644.142 JLINK_WriteMem(0x00000408, 0x34 Bytes, ...)
T457F36C0 002:644.151   Data:  FF FF FF FF FF FF FF FF FF FF FF FF FF FF FF FF ...
T457F36C0 002:644.194   completely In flash
T457F36C0 002:644.202 - 0.059ms returns 0x34
T457F36C0 002:644.586 JLINK_IsHalted()
T457F36C0 002:644.609 - 0.024ms returns TRUE
T457F36C0 002:644.615 JLINK_WriteMem(0x00000800, 0x10 Bytes, ...)
T457F36C0 002:644.619   Data:  FF FF FF FF FF FF FF FF FF FF FF FF FF FF FF FF
T457F36C0 002:644.636   completely In flash
T457F36C0 002:644.642 - 0.026ms returns 0x10
T457F36C0 002:644.974 JLINK_IsHalted()
T457F36C0 002:645.002 - 0.028ms returns TRUE
T457F36C0 002:645.007 JLINK_WriteMem(0x00000810, 0x540 Bytes, ...)
T457F36C0 002:645.011   Data:  00 00 02 00 FF FF FF FF 20 44 00 20 00 00 00 00 ...
T457F36C0 002:645.029   completely In flash
T457F36C0 002:645.035 - 0.028ms returns 0x540
T457F36C0 002:645.441 JLINK_IsHalted()
T457F36C0 002:645.452 - 0.011ms returns TRUE
T457F36C0 002:645.456 JLINK_WriteMem(0x00000D50, 0xB50 Bytes, ...)
T457F36C0 002:645.458   Data:  B7 02 10 00 32 05 13 05 35 33 12 05 0D 05 23 A0 ...
T457F36C0 002:645.470   completely In flash
T457F36C0 002:645.474 - 0.018ms returns 0xB50
T457F36C0 002:645.814 JLINK_IsHalted()
T457F36C0 002:645.841 - 0.027ms returns TRUE
T457F36C0 002:645.845 JLINK_WriteMem(0x000018A0, 0xB80 Bytes, ...)
T457F36C0 002:645.850   Data:  D4 C4 94 C4 51 A0 82 80 B6 95 01 EB 90 40 91 8C ...
T457F36C0 002:645.887   completely In flash
T457F36C0 002:645.895 - 0.050ms returns 0xB80
T457F36C0 002:646.199 JLINK_IsHalted()
T457F36C0 002:646.218 - 0.019ms returns TRUE
T457F36C0 002:646.224 JLINK_WriteMem(0x00002420, 0x6B4 Bytes, ...)
T457F36C0 002:646.231   Data:  2A 84 9D EE F3 2A 00 30 73 70 04 30 93 FA 8A 00 ...
T457F36C0 002:646.269   completely In flash
T457F36C0 002:646.279 - 0.054ms returns 0x6B4
T457F36C0 002:646.686 JLINK_IsHalted()
T457F36C0 002:646.699 - 0.013ms returns TRUE
T457F36C0 002:646.704 JLINK_WriteMem(0x00002AD4, 0x220 Bytes, ...)
T457F36C0 002:646.709   Data:  00 6C DC 02 00 12 7A 00 00 80 00 00 00 2D 31 01 ...
T457F36C0 002:646.720   completely In flash
T457F36C0 002:646.726 - 0.022ms returns 0x220
T457F36C0 002:647.512 JLINK_ReadReg(X0)
T457F36C0 002:647.738    -- --------------------------------------
T457F36C0 002:647.785    -- Start of determining flash info (Bank @ 0x00000000)
T457F36C0 002:647.834    -- End of determining flash info
T457F36C0 002:647.856    -- Start of determining dirty areas in flash cache
T457F36C0 002:647.865    -- Filling invalid ranges in sector buffer (flash cache) for sector @ 0x00000000 if necessary
T457F36C0 002:647.874    -- Filling invalid ranges in sector buffer (flash cache) for sector @ 0x00000800 if necessary
T457F36C0 002:647.881    -- Filling invalid ranges in sector buffer (flash cache) for sector @ 0x00001000 if necessary
T457F36C0 002:647.887    -- Filling invalid ranges in sector buffer (flash cache) for sector @ 0x00001800 if necessary
T457F36C0 002:647.894    -- Filling invalid ranges in sector buffer (flash cache) for sector @ 0x00002000 if necessary
T457F36C0 002:647.901    -- Filling invalid ranges in sector buffer (flash cache) for sector @ 0x00002800 if necessary
T457F36C0 002:647.974    -- End of determining dirty areas
T457F36C0 002:647.981    -- Start of preparing flash programming
T457F36C0 002:647.988    -- Preparing RAMCode
T457F36C0 002:647.994    -- Calculating RAM usage
T457F36C0 002:648.002    -- RAM usage = 8272 Bytes
T457F36C0 002:648.008    -- Preserving CPU registers
T457F36C0 002:648.049    -- Preparing memory
T457F36C0 002:648.056    -- Preparing target
T457F36C0 002:648.063    -- Preserving target RAM temporarily used for programming
T457F36C0 003:633.560    -- Downloading RAMCode
T457F36C0 004:556.271    -- Initializing RAMCode (InitType: 3 = Verify)
T457F36C0 004:556.387    -- Executing SEGGER_FL_Prepare(3)
T457F36C0 004:601.381    -- SEGGER_FL_Prepare() changed clock speed to 48000000Hz
T457F36C0 004:601.467    -- End of preparing flash programming
T457F36C0 004:614.949    -- CPU is running at 48000 kHz.
T457F36C0 004:614.978    -- Start of comparing flash
T457F36C0 004:615.002    -- CRC check was estimated as fastest method
T457F36C0 004:617.793    -- Comparing range 0x0000 - 0x2FFF (6 Sectors, 12 KB), using single-block CRC calculation
T457F36C0 004:617.845    -- Recalculating RAMUsage for optimal performance during programming
T457F36C0 004:655.589    -- CRC does not match, checking individual sectors
T457F36C0 004:655.627    -- Recalculating RAMUsage for optimal performance during programming
T457F36C0 004:692.086    -- CRC does not match for sectors 0-5
T457F36C0 004:692.124    -- End of comparing flash
T457F36C0 004:692.133    -- Start of erasing sectors
T457F36C0 004:692.138    -- Erasing range 0x00000000 - 0x00002FFF (  6 Sectors, 12 KB)
T457F36C0 004:692.143    -- Recalculating RAMUsage for optimal performance during programming
T457F36C0 004:784.486    -- End of erasing sectors
T457F36C0 004:784.519    -- Start of flash programming
T457F36C0 004:784.526    -- Programming range 0x00000000 - 0x00002FFF (  6 Sectors, 12 KB)
T457F36C0 004:786.859    -- Recalculating RAMUsage for optimal performance during programming
T457F36C0 005:281.435    -- End of flash programming
T457F36C0 005:281.461    -- 0x0000 - 0x2FFF (  6 Sectors, 12 KB)
T457F36C0 005:281.467    -- Start of verifying flash
T457F36C0 005:281.473    -- Checksum calculation was estimated as fastest method
T457F36C0 005:281.478    -- Checksum is not supported by this flash bank. Switched to read back method.
T457F36C0 005:281.484    -- Recalculating RAMUsage for optimal performance during programming
T457F36C0 005:321.316    -- End of verifying flash
T457F36C0 005:321.373    -- Start of restoring
T457F36C0 005:321.391    -- Executing SEGGER_FL_Restore()
T457F36C0 005:377.701    -- Restoring target memory
T457F36C0 006:469.526    -- Restoring CPU registers
T457F36C0 006:469.755    -- End of restoring
T457F36C0 006:469.889    -- Bank 0 @ 0x00000000: 1 range affected (12288 bytes)
T457F36C0 006:469.945    -- Total: 3.821s (Prepare: 1.966s, Compare: 0.077s, Erase: 0.092s, Program: 0.496s, Verify: 0.039s, Restore: 1.148s)
T457F36C0 006:470.038    -- Program speed: 23 KB/s
T457F36C0 006:471.957 - 3824.442ms returns 0x00000000
T457F36C0 006:472.046 JLINK_ReadReg(X1)
T457F36C0 006:473.104 - 1.056ms returns 0x00000000
T457F36C0 006:473.182 JLINK_ReadReg(X2)
T457F36C0 006:473.200 - 0.018ms returns 0x00000000
T457F36C0 006:473.215 JLINK_ReadReg(X3)
T457F36C0 006:473.228 - 0.014ms returns 0x00000000
T457F36C0 006:473.241 JLINK_ReadReg(X4)
T457F36C0 006:473.252 - 0.010ms returns 0x00000000
T457F36C0 006:473.271 JLINK_ReadReg(X5)
T457F36C0 006:473.283 - 0.012ms returns 0x00000000
T457F36C0 006:473.299 JLINK_ReadReg(X6)
T457F36C0 006:473.310 - 0.011ms returns 0x00000000
T457F36C0 006:473.328 JLINK_ReadReg(X7)
T457F36C0 006:473.339 - 0.012ms returns 0x00000000
T457F36C0 006:473.353 JLINK_ReadReg(X8)
T457F36C0 006:473.365 - 0.011ms returns 0x00000000
T457F36C0 006:473.381 JLINK_ReadReg(X9)
T457F36C0 006:473.394 - 0.012ms returns 0x00000000
T457F36C0 006:473.404 JLINK_ReadReg(X10)
T457F36C0 006:473.415 - 0.010ms returns 0x00000000
T457F36C0 006:473.429 JLINK_ReadReg(X11)
T457F36C0 006:473.441 - 0.011ms returns 0x00000000
T457F36C0 006:473.451 JLINK_ReadReg(X12)
T457F36C0 006:473.462 - 0.010ms returns 0x00000000
T457F36C0 006:473.476 JLINK_ReadReg(X13)
T457F36C0 006:473.488 - 0.011ms returns 0x00000000
T457F36C0 006:473.499 JLINK_ReadReg(X14)
T457F36C0 006:473.509 - 0.011ms returns 0x00000000
T457F36C0 006:473.523 JLINK_ReadReg(X15)
T457F36C0 006:473.534 - 0.011ms returns 0x00000000
T457F36C0 006:473.548 JLINK_ReadReg(X16)
T457F36C0 006:473.559 - 0.011ms returns 0x00000000
T457F36C0 006:473.576 JLINK_ReadReg(X17)
T457F36C0 006:473.588 - 0.012ms returns 0x00000000
T457F36C0 006:473.598 JLINK_ReadReg(X18)
T457F36C0 006:473.609 - 0.010ms returns 0x00000000
T457F36C0 006:473.624 JLINK_ReadReg(X19)
T457F36C0 006:473.635 - 0.011ms returns 0x00000000
T457F36C0 006:473.646 JLINK_ReadReg(X20)
T457F36C0 006:473.656 - 0.010ms returns 0x00000000
T457F36C0 006:473.720 JLINK_ReadReg(X21)
T457F36C0 006:473.732 - 0.011ms returns 0x00000000
T457F36C0 006:473.738 JLINK_ReadReg(X22)
T457F36C0 006:473.745 - 0.006ms returns 0x00000000
T457F36C0 006:473.751 JLINK_ReadReg(X23)
T457F36C0 006:473.758 - 0.006ms returns 0x00000000
T457F36C0 006:473.764 JLINK_ReadReg(X24)
T457F36C0 006:473.771 - 0.007ms returns 0x00000000
T457F36C0 006:473.778 JLINK_ReadReg(X25)
T457F36C0 006:473.784 - 0.007ms returns 0x00000000
T457F36C0 006:473.791 JLINK_ReadReg(X26)
T457F36C0 006:473.821 - 0.007ms returns 0x00000000
T457F36C0 006:475.051 JLINK_ReadReg(X27)
T457F36C0 006:475.092 - 0.041ms returns 0x00000000
T457F36C0 006:475.105 JLINK_ReadReg(X28)
T457F36C0 006:475.112 - 0.006ms returns 0x00000000
T457F36C0 006:475.118 JLINK_ReadReg(X29)
T457F36C0 006:475.125 - 0.006ms returns 0x00000000
T457F36C0 006:475.130 JLINK_ReadReg(X30)
T457F36C0 006:475.136 - 0.006ms returns 0x00000000
T457F36C0 006:475.142 JLINK_ReadReg(X31)
T457F36C0 006:475.149 - 0.006ms returns 0x00000000
T457F36C0 006:475.155 JLINK_ReadReg(PC)
T457F36C0 006:475.161 - 0.006ms returns 0x00000000
T457F36C0 006:475.980 JLINK_WriteReg(PC, 0x00000000)
T457F36C0 006:476.008 - 0.030ms returns 0
T457F36C0 006:479.154 JLINK_EndDownload()
T457F36C0 006:479.188 - 0.033ms returns 0 (0x0)
T457F36C0 006:479.271 JLINK_SetEndian(ARM_ENDIAN_LITTLE)
T457F36C0 006:479.277 - 0.006ms returns 0
T457F36C0 006:479.700 JLINK_ResetPullsRESET(ON)
T457F36C0 006:479.714 - 0.016ms
T457F36C0 006:479.719 JLINK_Halt()
T457F36C0 006:479.723 - 0.005ms returns 0x00
T457F36C0 006:479.726 JLINK_IsHalted()
T457F36C0 006:479.731 - 0.005ms returns TRUE
T457F36C0 006:479.734 JLINK_Reset()
T457F36C0 006:479.752   RISC-V: Performing reset via <ndmreset>
T457F36C0 006:650.167 - 170.429ms
T457F36C0 006:650.200 JLINK_SetEndian(ARM_ENDIAN_LITTLE)
T457F36C0 006:650.203 - 0.003ms returns 0
T457F36C0 007:340.715 JLINK_GetNumBPUnits(Type = 0xFFFFFF00)
T457F36C0 007:340.758 - 0.045ms returns 0x04
T457F36C0 007:340.764 JLINK_GetNumWPUnits()
T457F36C0 007:340.769 - 0.004ms returns 4
T457F36C0 007:340.782 JLINK_GetNumBPUnits(Type = 0xFFFFFF00)
T457F36C0 007:340.787 - 0.005ms returns 0x04
T457F36C0 007:340.792 JLINK_GetNumWPUnits()
T457F36C0 007:340.796 - 0.004ms returns 4
T457F36C0 007:340.822 JLINK_GetNumBPUnits(Type = 0xFFFFFF00)
T457F36C0 007:340.827 - 0.005ms returns 0x04
T457F36C0 007:340.831 JLINK_GetNumWPUnits()
T457F36C0 007:340.835 - 0.004ms returns 4
T457F36C0 007:340.860 JLINK_SetBPEx(Addr = 0x00002970, Type = 0xFFFFFF00)
T457F36C0 007:340.872 - 0.012ms returns 0x00000001
T457F36C0 007:340.883 JLINK_ClrBPEx(BPHandle = 0x00000001)
T457F36C0 007:341.806 - 0.924ms returns 0x00
T457F36C0 007:346.311 JLINK_IsHalted()
T457F36C0 007:346.343 - 0.032ms returns TRUE
T457F36C0 007:346.348 JLINK_ReadMem(0x00002976, 0x2 Bytes, ...)
T457F36C0 007:346.359    -- Read from flash cache (2 bytes @ 0x00002976)
T457F36C0 007:346.366   Data:  B7 35
T457F36C0 007:346.372 - 0.024ms returns 0
T457F36C0 007:346.599 JLINK_SetBPEx(Addr = 0x00002976, Type = 0xFFFFFF00)
T457F36C0 007:346.618 - 0.015ms returns 0x00000002
T457F36C0 007:368.468 JLINK_ReadReg(X0)
T457F36C0 007:368.508 - 0.042ms returns 0x00000000
T457F36C0 007:368.516 JLINK_ReadReg(X1)
T457F36C0 007:368.519 - 0.004ms returns 0x00000000
T457F36C0 007:368.524 JLINK_ReadReg(X2)
T457F36C0 007:368.527 - 0.004ms returns 0x00000000
T457F36C0 007:368.531 JLINK_ReadReg(X3)
T457F36C0 007:368.534 - 0.004ms returns 0x00000000
T457F36C0 007:368.537 JLINK_ReadReg(X4)
T457F36C0 007:368.540 - 0.003ms returns 0x00000000
T457F36C0 007:368.544 JLINK_ReadReg(X5)
T457F36C0 007:368.547 - 0.003ms returns 0x00000000
T457F36C0 007:368.550 JLINK_ReadReg(X6)
T457F36C0 007:368.553 - 0.003ms returns 0x00000000
T457F36C0 007:368.556 JLINK_ReadReg(X7)
T457F36C0 007:368.560 - 0.003ms returns 0x00000000
T457F36C0 007:368.563 JLINK_ReadReg(X8)
T457F36C0 007:368.566 - 0.003ms returns 0x00000000
T457F36C0 007:368.569 JLINK_ReadReg(X9)
T457F36C0 007:368.572 - 0.003ms returns 0x00000000
T457F36C0 007:368.595 JLINK_ReadReg(X10)
T457F36C0 007:368.599 - 0.005ms returns 0x00000000
T457F36C0 007:368.603 JLINK_ReadReg(X11)
T457F36C0 007:368.606 - 0.004ms returns 0x00000000
T457F36C0 007:368.609 JLINK_ReadReg(X12)
T457F36C0 007:368.612 - 0.003ms returns 0x00000000
T457F36C0 007:368.615 JLINK_ReadReg(X13)
T457F36C0 007:368.618 - 0.003ms returns 0x00000000
T457F36C0 007:368.622 JLINK_ReadReg(X14)
T457F36C0 007:368.625 - 0.004ms returns 0x00000000
T457F36C0 007:368.628 JLINK_ReadReg(X15)
T457F36C0 007:368.631 - 0.003ms returns 0x00000000
T457F36C0 007:368.634 JLINK_ReadReg(X16)
T457F36C0 007:368.637 - 0.003ms returns 0x00000000
T457F36C0 007:368.641 JLINK_ReadReg(X17)
T457F36C0 007:368.644 - 0.003ms returns 0x00000000
T457F36C0 007:368.647 JLINK_ReadReg(X18)
T457F36C0 007:368.651 - 0.003ms returns 0x00000000
T457F36C0 007:368.654 JLINK_ReadReg(X19)
T457F36C0 007:368.657 - 0.003ms returns 0x00000000
T457F36C0 007:368.660 JLINK_ReadReg(X20)
T457F36C0 007:368.663 - 0.003ms returns 0x00000000
T457F36C0 007:368.666 JLINK_ReadReg(X21)
T457F36C0 007:368.669 - 0.003ms returns 0x00000000
T457F36C0 007:368.672 JLINK_ReadReg(X22)
T457F36C0 007:368.676 - 0.003ms returns 0x00000000
T457F36C0 007:368.679 JLINK_ReadReg(X23)
T457F36C0 007:368.682 - 0.003ms returns 0x00000000
T457F36C0 007:368.685 JLINK_ReadReg(X24)
T457F36C0 007:368.688 - 0.003ms returns 0x00000000
T457F36C0 007:368.691 JLINK_ReadReg(X25)
T457F36C0 007:368.694 - 0.003ms returns 0x00000000
T457F36C0 007:368.698 JLINK_ReadReg(X26)
T457F36C0 007:368.701 - 0.003ms returns 0x00000000
T457F36C0 007:368.704 JLINK_ReadReg(X27)
T457F36C0 007:368.707 - 0.003ms returns 0x00000000
T457F36C0 007:368.710 JLINK_ReadReg(X28)
T457F36C0 007:368.713 - 0.003ms returns 0x00000000
T457F36C0 007:368.716 JLINK_ReadReg(X29)
T457F36C0 007:368.720 - 0.003ms returns 0x00000000
T457F36C0 007:368.723 JLINK_ReadReg(X30)
T457F36C0 007:368.726 - 0.003ms returns 0x00000000
T457F36C0 007:368.729 JLINK_ReadReg(X31)
T457F36C0 007:368.732 - 0.003ms returns 0x00000000
T457F36C0 007:368.736 JLINK_ReadReg(PC)
T457F36C0 007:368.739 - 0.004ms returns 0x00000000
T44FF26C0 007:448.737 JLINK_GetNumBPUnits(Type = 0xFFFFFF00)
T44FF26C0 007:448.762 - 0.026ms returns 0x04
T44FF26C0 007:448.766 JLINK_GetNumWPUnits()
T44FF26C0 007:448.768 - 0.003ms returns 4
T44FF26C0 007:450.149 JLINK_GetNumBPUnits(Type = 0xFFFFFF00)
T44FF26C0 007:450.181 - 0.034ms returns 0x04
T44FF26C0 007:450.187 JLINK_GetNumWPUnits()
T44FF26C0 007:450.191 - 0.003ms returns 4
T44FF26C0 007:450.810 JLINK_GetNumBPUnits(Type = 0xFFFFFF00)
T44FF26C0 007:450.843 - 0.045ms returns 0x04
T44FF26C0 007:450.848 JLINK_GetNumWPUnits()
T44FF26C0 007:450.851 - 0.004ms returns 4
T44FF26C0 007:451.701 JLINK_GetNumBPUnits(Type = 0xFFFFFF00)
T44FF26C0 007:451.712 - 0.012ms returns 0x04
T44FF26C0 007:451.715 JLINK_GetNumWPUnits()
T44FF26C0 007:451.717 - 0.002ms returns 4
T44FF26C0 007:452.421 JLINK_GetNumBPUnits(Type = 0xFFFFFF00)
T44FF26C0 007:452.446 - 0.025ms returns 0x04
T44FF26C0 007:452.449 JLINK_GetNumWPUnits()
T44FF26C0 007:452.452 - 0.003ms returns 4
T44FF26C0 007:452.874 JLINK_GetNumBPUnits(Type = 0xFFFFFF00)
T44FF26C0 007:452.890 - 0.016ms returns 0x04
T44FF26C0 007:452.896 JLINK_GetNumWPUnits()
T44FF26C0 007:452.898 - 0.002ms returns 4
T44FF26C0 007:453.496 JLINK_GetNumBPUnits(Type = 0xFFFFFF00)
T44FF26C0 007:453.509 - 0.014ms returns 0x04
T44FF26C0 007:453.513 JLINK_GetNumWPUnits()
T44FF26C0 007:453.516 - 0.002ms returns 4
T44FF26C0 007:454.099 JLINK_GetNumBPUnits(Type = 0xFFFFFF00)
T44FF26C0 007:454.126 - 0.029ms returns 0x04
T44FF26C0 007:454.130 JLINK_GetNumWPUnits()
T44FF26C0 007:454.133 - 0.002ms returns 4
T3FFFF6C0 008:546.450 JLINK_ExecCommand("SetRTTAddr 0", ...). 
T3FFFF6C0 008:547.224 - 0.727ms returns 0x00
T483FB6C0 008:562.680   RTT is running in stop mode: https://wiki.segger.com/RTT#Stop_mode
T483FB6C0 008:562.723   Periodic RTT: Looking for RTT CB @ 0x20004000 (Range 1/1)
T483FB6C0 008:562.729   CPU_ReadMem(4096 bytes @ 0x20004000)
T483FB6C0 009:575.782   Periodic RTT: Looking for RTT CB @ 0x20005000 (Range 1/1)
T483FB6C0 009:575.870   CPU_ReadMem(4096 bytes @ 0x20005000)
T483FB6C0 010:590.423   Periodic RTT: Looking for RTT CB @ 0x20006000 (Range 1/1)
T483FB6C0 010:590.472   CPU_ReadMem(4096 bytes @ 0x20006000)
T483FB6C0 011:605.111   Periodic RTT: Looking for RTT CB @ 0x20004000 (Range 1/1)
T483FB6C0 011:605.159   CPU_ReadMem(4096 bytes @ 0x20004000)
T483FB6C0 012:617.141   Periodic RTT: Looking for RTT CB @ 0x20005000 (Range 1/1)
T483FB6C0 012:617.189   CPU_ReadMem(4096 bytes @ 0x20005000)
T483FB6C0 013:629.053   Periodic RTT: Looking for RTT CB @ 0x20006000 (Range 1/1)
T483FB6C0 013:629.093   CPU_ReadMem(4096 bytes @ 0x20006000)
T483FB6C0 014:641.054   Periodic RTT: Looking for RTT CB @ 0x20004000 (Range 1/1)
T483FB6C0 014:641.088   CPU_ReadMem(4096 bytes @ 0x20004000)
T483FB6C0 015:654.196   Periodic RTT: Looking for RTT CB @ 0x20005000 (Range 1/1)
T483FB6C0 015:654.248   CPU_ReadMem(4096 bytes @ 0x20005000)
T483FB6C0 016:666.622   Periodic RTT: Looking for RTT CB @ 0x20006000 (Range 1/1)
T483FB6C0 016:666.675   CPU_ReadMem(4096 bytes @ 0x20006000)
T483FB6C0 017:679.517   Periodic RTT: Looking for RTT CB @ 0x20004000 (Range 1/1)
T483FB6C0 017:679.544   CPU_ReadMem(4096 bytes @ 0x20004000)
T483FB6C0 018:693.067   Periodic RTT: Looking for RTT CB @ 0x20005000 (Range 1/1)
T483FB6C0 018:693.099   CPU_ReadMem(4096 bytes @ 0x20005000)
T483FB6C0 019:706.208   Periodic RTT: Looking for RTT CB @ 0x20006000 (Range 1/1)
T483FB6C0 019:706.281   CPU_ReadMem(4096 bytes @ 0x20006000)
T483FB6C0 020:718.708   Periodic RTT: Looking for RTT CB @ 0x20004000 (Range 1/1)
T483FB6C0 020:718.758   CPU_ReadMem(4096 bytes @ 0x20004000)
T483FB6C0 021:730.109   Periodic RTT: Looking for RTT CB @ 0x20005000 (Range 1/1)
T483FB6C0 021:730.154   CPU_ReadMem(4096 bytes @ 0x20005000)
T483FB6C0 022:742.891   Periodic RTT: Looking for RTT CB @ 0x20006000 (Range 1/1)
T483FB6C0 022:742.937   CPU_ReadMem(4096 bytes @ 0x20006000)
T483FB6C0 023:755.571   Periodic RTT: Looking for RTT CB @ 0x20004000 (Range 1/1)
T483FB6C0 023:755.600   CPU_ReadMem(4096 bytes @ 0x20004000)
T483FB6C0 024:768.091   Periodic RTT: Looking for RTT CB @ 0x20005000 (Range 1/1)
T483FB6C0 024:768.124   CPU_ReadMem(4096 bytes @ 0x20005000)
T483FB6C0 025:780.695   Periodic RTT: Looking for RTT CB @ 0x20006000 (Range 1/1)
T483FB6C0 025:780.715   CPU_ReadMem(4096 bytes @ 0x20006000)
T483FB6C0 026:793.993   Periodic RTT: Looking for RTT CB @ 0x20004000 (Range 1/1)
T483FB6C0 026:794.027   CPU_ReadMem(4096 bytes @ 0x20004000)
T483FB6C0 027:807.473   Periodic RTT: Looking for RTT CB @ 0x20005000 (Range 1/1)
T483FB6C0 027:807.545   CPU_ReadMem(4096 bytes @ 0x20005000)
T483FB6C0 028:819.025   Periodic RTT: Looking for RTT CB @ 0x20006000 (Range 1/1)
T483FB6C0 028:819.071   CPU_ReadMem(4096 bytes @ 0x20006000)
T483FB6C0 029:831.633   Periodic RTT: Looking for RTT CB @ 0x20004000 (Range 1/1)
T483FB6C0 029:831.665   CPU_ReadMem(4096 bytes @ 0x20004000)
T483FB6C0 030:846.043   Periodic RTT: Looking for RTT CB @ 0x20005000 (Range 1/1)
T483FB6C0 030:846.083   CPU_ReadMem(4096 bytes @ 0x20005000)
T483FB6C0 031:856.922   Periodic RTT: Looking for RTT CB @ 0x20006000 (Range 1/1)
T483FB6C0 031:856.966   CPU_ReadMem(4096 bytes @ 0x20006000)
T483FB6C0 032:868.527   Periodic RTT: Looking for RTT CB @ 0x20004000 (Range 1/1)
T483FB6C0 032:868.559   CPU_ReadMem(4096 bytes @ 0x20004000)
T483FB6C0 033:882.854   Periodic RTT: Looking for RTT CB @ 0x20005000 (Range 1/1)
T483FB6C0 033:882.886   CPU_ReadMem(4096 bytes @ 0x20005000)
T483FB6C0 034:895.494   Periodic RTT: Looking for RTT CB @ 0x20006000 (Range 1/1)
T483FB6C0 034:895.533   CPU_ReadMem(4096 bytes @ 0x20006000)
T483FB6C0 035:907.265   Periodic RTT: Looking for RTT CB @ 0x20004000 (Range 1/1)
T483FB6C0 035:907.308   CPU_ReadMem(4096 bytes @ 0x20004000)
T483FB6C0 036:922.242   Periodic RTT: Looking for RTT CB @ 0x20005000 (Range 1/1)
T483FB6C0 036:922.295   CPU_ReadMem(4096 bytes @ 0x20005000)
T483FB6C0 037:935.853   Periodic RTT: Looking for RTT CB @ 0x20006000 (Range 1/1)
T483FB6C0 037:935.944   CPU_ReadMem(4096 bytes @ 0x20006000)
T483FB6C0 038:951.158   Periodic RTT: Looking for RTT CB @ 0x20004000 (Range 1/1)
T483FB6C0 038:951.221   CPU_ReadMem(4096 bytes @ 0x20004000)
T483FB6C0 039:965.097   Periodic RTT: Looking for RTT CB @ 0x20005000 (Range 1/1)
T483FB6C0 039:965.163   CPU_ReadMem(4096 bytes @ 0x20005000)
T483FB6C0 040:980.560   Periodic RTT: Looking for RTT CB @ 0x20006000 (Range 1/1)
T483FB6C0 040:980.625   CPU_ReadMem(4096 bytes @ 0x20006000)
T483FB6C0 041:994.831   Periodic RTT: Looking for RTT CB @ 0x20004000 (Range 1/1)
T483FB6C0 041:994.887   CPU_ReadMem(4096 bytes @ 0x20004000)
T483FB6C0 043:008.571   Periodic RTT: Looking for RTT CB @ 0x20005000 (Range 1/1)
T483FB6C0 043:008.616   CPU_ReadMem(4096 bytes @ 0x20005000)
T483FB6C0 044:021.723   Periodic RTT: Looking for RTT CB @ 0x20006000 (Range 1/1)
T483FB6C0 044:021.767   CPU_ReadMem(4096 bytes @ 0x20006000)
T483FB6C0 045:036.047   Periodic RTT: Looking for RTT CB @ 0x20004000 (Range 1/1)
T483FB6C0 045:036.103   CPU_ReadMem(4096 bytes @ 0x20004000)
T483FB6C0 046:051.948   Periodic RTT: Looking for RTT CB @ 0x20005000 (Range 1/1)
T483FB6C0 046:052.012   CPU_ReadMem(4096 bytes @ 0x20005000)
T483FB6C0 047:064.840   Periodic RTT: Looking for RTT CB @ 0x20006000 (Range 1/1)
T483FB6C0 047:064.897   CPU_ReadMem(4096 bytes @ 0x20006000)
T483FB6C0 048:079.488   Periodic RTT: Looking for RTT CB @ 0x20004000 (Range 1/1)
T483FB6C0 048:079.547   CPU_ReadMem(4096 bytes @ 0x20004000)
T483FB6C0 049:092.912   Periodic RTT: Looking for RTT CB @ 0x20005000 (Range 1/1)
T483FB6C0 049:092.949   CPU_ReadMem(4096 bytes @ 0x20005000)
T483FB6C0 050:105.829   Periodic RTT: Looking for RTT CB @ 0x20006000 (Range 1/1)
T483FB6C0 050:105.967   CPU_ReadMem(4096 bytes @ 0x20006000)
T483FB6C0 051:117.472   Periodic RTT: Looking for RTT CB @ 0x20004000 (Range 1/1)
T483FB6C0 051:117.512   CPU_ReadMem(4096 bytes @ 0x20004000)
T457F36C0 051:887.313 JLINK_GoEx(MaxEmulInsts = 0, Flags = 0x01)
T457F36C0 051:920.355   Memory map 'after startup completion point' is active
T457F36C0 051:920.380 - 33.071ms
T457F36C0 052:020.845 JLINK_IsHalted()
T457F36C0 052:039.487 - 18.637ms returns TRUE
T457F36C0 052:039.930 JLINK_IsHalted()
T457F36C0 052:039.964 - 0.034ms returns TRUE
T457F36C0 052:041.020 JLINK_ReadReg(X0)
T457F36C0 052:041.067 - 0.047ms returns 0x00000000
T457F36C0 052:041.089 JLINK_ReadReg(X1)
T457F36C0 052:041.104 - 0.015ms returns 0x00000090
T457F36C0 052:041.120 JLINK_ReadReg(X2)
T457F36C0 052:041.134 - 0.014ms returns 0x20006FDC
T457F36C0 052:041.149 JLINK_ReadReg(X3)
T457F36C0 052:041.163 - 0.014ms returns 0x00000800
T457F36C0 052:041.177 JLINK_ReadReg(X4)
T457F36C0 052:041.190 - 0.013ms returns 0x00000000
T457F36C0 052:041.205 JLINK_ReadReg(X5)
T457F36C0 052:041.218 - 0.014ms returns 0x00002974
T457F36C0 052:041.232 JLINK_ReadReg(X6)
T457F36C0 052:041.245 - 0.013ms returns 0x00000000
T457F36C0 052:041.259 JLINK_ReadReg(X7)
T457F36C0 052:041.272 - 0.013ms returns 0x00000000
T457F36C0 052:041.285 JLINK_ReadReg(X8)
T457F36C0 052:041.298 - 0.013ms returns 0x20006FFC
T457F36C0 052:041.313 JLINK_ReadReg(X9)
T457F36C0 052:041.324 - 0.012ms returns 0x00000000
T457F36C0 052:041.336 JLINK_ReadReg(X10)
T457F36C0 052:041.348 - 0.011ms returns 0x00000000
T457F36C0 052:041.360 JLINK_ReadReg(X11)
T457F36C0 052:041.372 - 0.012ms returns 0x00000000
T457F36C0 052:041.384 JLINK_ReadReg(X12)
T457F36C0 052:041.395 - 0.012ms returns 0x00000000
T457F36C0 052:041.407 JLINK_ReadReg(X13)
T457F36C0 052:041.419 - 0.011ms returns 0x20000000
T457F36C0 052:041.431 JLINK_ReadReg(X14)
T457F36C0 052:041.442 - 0.012ms returns 0x20004540
T457F36C0 052:041.454 JLINK_ReadReg(X15)
T457F36C0 052:041.466 - 0.011ms returns 0x20004540
T457F36C0 052:041.478 JLINK_ReadReg(X16)
T457F36C0 052:041.489 - 0.012ms returns 0x00000D44
T457F36C0 052:041.502 JLINK_ReadReg(X17)
T457F36C0 052:041.514 - 0.012ms returns 0x20000000
T457F36C0 052:041.526 JLINK_ReadReg(X18)
T457F36C0 052:041.538 - 0.011ms returns 0x00000000
T457F36C0 052:041.592 JLINK_ReadReg(X19)
T457F36C0 052:041.603 - 0.010ms returns 0x00000000
T457F36C0 052:041.611 JLINK_ReadReg(X20)
T457F36C0 052:041.618 - 0.007ms returns 0x00000000
T457F36C0 052:041.625 JLINK_ReadReg(X21)
T457F36C0 052:041.632 - 0.007ms returns 0x00000000
T457F36C0 052:041.639 JLINK_ReadReg(X22)
T457F36C0 052:041.646 - 0.007ms returns 0x00000000
T457F36C0 052:041.654 JLINK_ReadReg(X23)
T457F36C0 052:041.661 - 0.007ms returns 0x00000000
T457F36C0 052:041.668 JLINK_ReadReg(X24)
T457F36C0 052:041.675 - 0.007ms returns 0x00000000
T457F36C0 052:041.683 JLINK_ReadReg(X25)
T457F36C0 052:041.690 - 0.007ms returns 0x00000000
T457F36C0 052:041.697 JLINK_ReadReg(X26)
T457F36C0 052:041.704 - 0.008ms returns 0x00000000
T457F36C0 052:041.712 JLINK_ReadReg(X27)
T457F36C0 052:041.719 - 0.007ms returns 0x00000000
T457F36C0 052:041.726 JLINK_ReadReg(X28)
T457F36C0 052:041.733 - 0.007ms returns 0x00000000
T457F36C0 052:041.740 JLINK_ReadReg(X29)
T457F36C0 052:041.747 - 0.007ms returns 0x00000000
T457F36C0 052:041.754 JLINK_ReadReg(X30)
T457F36C0 052:041.762 - 0.007ms returns 0x00000000
T457F36C0 052:041.769 JLINK_ReadReg(X31)
T457F36C0 052:041.776 - 0.007ms returns 0x00000000
T457F36C0 052:041.784 JLINK_ReadReg(PC)
T457F36C0 052:041.791 - 0.007ms returns 0x00002976
T457F36C0 052:045.265 JLINK_ClrBPEx(BPHandle = 0x00000002)
T457F36C0 052:045.307 - 0.043ms returns 0x00
T483FB6C0 052:120.321   Periodic RTT: Looking for RTT CB @ 0x20005000 (Range 1/1)
T483FB6C0 052:120.354   CPU_ReadMem(4096 bytes @ 0x20005000)
T457F36C0 052:293.344 JLINK_IsHalted()
T457F36C0 052:293.382 - 0.038ms returns TRUE
T457F36C0 052:293.386 JLINK_ReadMem(0x20006FC0, 0x40 Bytes, ...)
T457F36C0 052:293.408   CPU_ReadMem(64 bytes @ 0x20006FC0)
T457F36C0 052:297.751    -- Updating C cache (64 bytes @ 0x20006FC0)
T457F36C0 052:297.790    -- Read from C cache (64 bytes @ 0x20006FC0)
T457F36C0 052:297.816   Data:  00 00 00 00 00 00 00 00 00 00 00 00 00 00 00 00 ...
T457F36C0 052:297.828 - 4.443ms returns 0
T483FB6C0 052:485.819   Periodic RTT: Looking for RTT CB @ 0x20006000 (Range 1/1)
T483FB6C0 052:485.855   CPU_ReadMem(4096 bytes @ 0x20006000)
T483FB6C0 052:851.720   Periodic RTT: Looking for RTT CB @ 0x20004000 (Range 1/1)
T483FB6C0 052:851.770   CPU_ReadMem(4096 bytes @ 0x20004000)
T44FF26C0 053:058.698 JLINK_IsHalted()
T44FF26C0 053:059.342 - 0.644ms returns TRUE
T483FB6C0 053:216.498   Periodic RTT: Looking for RTT CB @ 0x20005000 (Range 1/1)
T483FB6C0 053:216.528   CPU_ReadMem(4096 bytes @ 0x20005000)
T457F36C0 053:379.652 JLINK_GoEx(MaxEmulInsts = 0, Flags = 0x01)
T457F36C0 053:385.292 - 5.639ms
T457F36C0 053:485.878 JLINK_IsHalted()
T457F36C0 053:486.754 - 0.878ms returns FALSE
T483FB6C0 053:581.320   Periodic RTT: Looking for RTT CB @ 0x20006000 (Range 1/1)
T483FB6C0 053:581.369   CPU_ReadMem(4096 bytes @ 0x20006000)
T457F36C0 053:750.948 JLINK_IsHalted()
T457F36C0 053:752.120 - 1.164ms returns FALSE
T457F36C0 053:852.875 JLINK_IsHalted()
T457F36C0 053:853.570 - 0.694ms returns FALSE
T483FB6C0 053:952.368   Periodic RTT: Looking for RTT CB @ 0x20004000 (Range 1/1)
T483FB6C0 053:952.412   CPU_ReadMem(4096 bytes @ 0x20004000)
T483FB6C0 054:121.164   CPU_ReadMem(24 bytes @ 0x200046CC)
T483FB6C0 054:129.612   Periodic RTT: RTTCB auto-detected @ 0x200046CC
T483FB6C0 054:129.662   Periodic RTT: RTT CB verified. Started data handling
T483FB6C0 054:129.672   CPU_ReadMem(144 bytes @ 0x200046E4)
T483FB6C0 054:142.796   CPU_ReadMem(32 bytes @ 0x00002B3D)
T483FB6C0 054:154.286   CPU_ReadMem(32 bytes @ 0x00002B3D)
T483FB6C0 054:166.086   CPU_ReadMem(72 bytes @ 0x200046E4)
T483FB6C0 054:176.491   CPU_ReadMem(95 bytes @ 0x20004774)
T483FB6C0 054:189.630   CPU_WriteMem(4 bytes @ 0x200046F4)
T457F36C0 054:197.737 JLINK_IsHalted()
T457F36C0 054:198.303 - 0.580ms returns FALSE
T44FF26C0 054:223.986 JLINK_IsHalted()
T44FF26C0 054:224.556 - 0.570ms returns FALSE
T457F36C0 054:298.846 JLINK_IsHalted()
T457F36C0 054:299.490 - 0.645ms returns FALSE
T457F36C0 054:399.964 JLINK_IsHalted()
T457F36C0 054:400.615 - 0.651ms returns FALSE
T483FB6C0 054:480.396   CPU_ReadMem(72 bytes @ 0x200046E4)
T457F36C0 054:500.832 JLINK_IsHalted()
T457F36C0 054:501.473 - 0.642ms returns FALSE
T483FB6C0 054:511.086   CPU_ReadMem(72 bytes @ 0x200046E4)
T483FB6C0 054:541.643   CPU_ReadMem(72 bytes @ 0x200046E4)
T483FB6C0 054:592.538   CPU_ReadMem(72 bytes @ 0x200046E4)
T457F36C0 054:603.037 JLINK_IsHalted()
T457F36C0 054:603.765 - 0.728ms returns FALSE
T483FB6C0 054:643.223   CPU_ReadMem(72 bytes @ 0x200046E4)
T483FB6C0 054:674.406   CPU_ReadMem(72 bytes @ 0x200046E4)
T457F36C0 054:703.888 JLINK_IsHalted()
T457F36C0 054:704.532 - 0.638ms returns FALSE
T483FB6C0 054:704.818   CPU_ReadMem(72 bytes @ 0x200046E4)
T483FB6C0 054:735.331   CPU_ReadMem(72 bytes @ 0x200046E4)
T483FB6C0 054:766.000   CPU_ReadMem(72 bytes @ 0x200046E4)
T483FB6C0 054:796.458   CPU_ReadMem(72 bytes @ 0x200046E4)
T457F36C0 054:807.065 JLINK_IsHalted()
T457F36C0 054:807.757 - 0.692ms returns FALSE
T483FB6C0 054:847.080   CPU_ReadMem(72 bytes @ 0x200046E4)
T483FB6C0 054:877.623   CPU_ReadMem(72 bytes @ 0x200046E4)
T457F36C0 054:907.931 JLINK_IsHalted()
T457F36C0 054:908.595 - 0.665ms returns FALSE
T483FB6C0 054:928.943   CPU_ReadMem(72 bytes @ 0x200046E4)
T483FB6C0 054:959.570   CPU_ReadMem(72 bytes @ 0x200046E4)
T457F36C0 055:008.835 JLINK_IsHalted()
T457F36C0 055:009.534 - 0.700ms returns FALSE
T483FB6C0 055:010.155   CPU_ReadMem(72 bytes @ 0x200046E4)
T483FB6C0 055:040.915   CPU_ReadMem(72 bytes @ 0x200046E4)
T483FB6C0 055:071.783   CPU_ReadMem(72 bytes @ 0x200046E4)
T457F36C0 055:109.835 JLINK_IsHalted()
T457F36C0 055:110.594 - 0.759ms returns FALSE
T483FB6C0 055:122.965   CPU_ReadMem(72 bytes @ 0x200046E4)
T483FB6C0 055:153.870   CPU_ReadMem(144 bytes @ 0x200046E4)
T483FB6C0 055:167.238   CPU_ReadMem(72 bytes @ 0x200046E4)
T457F36C0 055:210.947 JLINK_IsHalted()
T457F36C0 055:211.722 - 0.775ms returns FALSE
T44FF26C0 055:226.623 JLINK_IsHalted()
T44FF26C0 055:227.462 - 0.837ms returns FALSE
T483FB6C0 055:239.060   CPU_ReadMem(72 bytes @ 0x200046E4)
T483FB6C0 055:269.610   CPU_ReadMem(72 bytes @ 0x200046E4)
T457F36C0 055:311.998 JLINK_IsHalted()
T457F36C0 055:312.845 - 0.849ms returns FALSE
T483FB6C0 055:320.671   CPU_ReadMem(72 bytes @ 0x200046E4)
T483FB6C0 055:371.897   CPU_ReadMem(72 bytes @ 0x200046E4)
T483FB6C0 055:402.729   CPU_ReadMem(72 bytes @ 0x200046E4)
T457F36C0 055:413.901 JLINK_IsHalted()
T457F36C0 055:414.643 - 0.740ms returns FALSE
T483FB6C0 055:453.917   CPU_ReadMem(72 bytes @ 0x200046E4)
T483FB6C0 055:484.714   CPU_ReadMem(72 bytes @ 0x200046E4)
T457F36C0 055:514.902 JLINK_IsHalted()
T457F36C0 055:515.642 - 0.739ms returns FALSE
T483FB6C0 055:536.218   CPU_ReadMem(72 bytes @ 0x200046E4)
T483FB6C0 055:567.046   CPU_ReadMem(72 bytes @ 0x200046E4)
T483FB6C0 055:597.940   CPU_ReadMem(72 bytes @ 0x200046E4)
T457F36C0 055:615.899 JLINK_IsHalted()
T457F36C0 055:616.662 - 0.762ms returns FALSE
T483FB6C0 055:628.705   CPU_ReadMem(72 bytes @ 0x200046E4)
T483FB6C0 055:679.938   CPU_ReadMem(72 bytes @ 0x200046E4)
T483FB6C0 055:710.763   CPU_ReadMem(72 bytes @ 0x200046E4)
T457F36C0 055:721.596 JLINK_IsHalted()
T457F36C0 055:722.594 - 0.996ms returns FALSE
T483FB6C0 055:762.022   CPU_ReadMem(72 bytes @ 0x200046E4)
T483FB6C0 055:792.981   CPU_ReadMem(72 bytes @ 0x200046E4)
T457F36C0 055:822.844 JLINK_IsHalted()
T457F36C0 055:823.622 - 0.777ms returns FALSE
T483FB6C0 055:823.943   CPU_ReadMem(72 bytes @ 0x200046E4)
T483FB6C0 055:854.862   CPU_ReadMem(72 bytes @ 0x200046E4)
T483FB6C0 055:885.685   CPU_ReadMem(72 bytes @ 0x200046E4)
T457F36C0 055:923.855 JLINK_IsHalted()
T457F36C0 055:924.551 - 0.696ms returns FALSE
T483FB6C0 055:937.055   CPU_ReadMem(72 bytes @ 0x200046E4)
T483FB6C0 055:967.886   CPU_ReadMem(72 bytes @ 0x200046E4)
T483FB6C0 055:998.564   CPU_ReadMem(72 bytes @ 0x200046E4)
T457F36C0 056:024.902 JLINK_IsHalted()
T457F36C0 056:026.690 - 1.785ms returns FALSE
T483FB6C0 056:049.785   CPU_ReadMem(72 bytes @ 0x200046E4)
T483FB6C0 056:100.597   CPU_ReadMem(72 bytes @ 0x200046E4)
T457F36C0 056:126.836 JLINK_IsHalted()
T457F36C0 056:127.528 - 0.694ms returns FALSE
T483FB6C0 056:151.306   CPU_ReadMem(72 bytes @ 0x200046E4)
T483FB6C0 056:181.829   CPU_ReadMem(144 bytes @ 0x200046E4)
T483FB6C0 056:195.078   CPU_ReadMem(72 bytes @ 0x200046E4)
T457F36C0 056:227.865 JLINK_IsHalted()
T457F36C0 056:228.663 - 0.800ms returns FALSE
T44FF26C0 056:228.981 JLINK_IsHalted()
T44FF26C0 056:229.577 - 0.596ms returns FALSE
T483FB6C0 056:266.487   CPU_ReadMem(72 bytes @ 0x200046E4)
T483FB6C0 056:317.413   CPU_ReadMem(72 bytes @ 0x200046E4)
T457F36C0 056:328.826 JLINK_IsHalted()
T457F36C0 056:329.630 - 0.802ms returns FALSE
T483FB6C0 056:347.964   CPU_ReadMem(72 bytes @ 0x200046E4)
T483FB6C0 056:378.532   CPU_ReadMem(72 bytes @ 0x200046E4)
T483FB6C0 056:429.638   CPU_ReadMem(72 bytes @ 0x200046E4)
T457F36C0 056:440.181 JLINK_IsHalted()
T457F36C0 056:440.755 - 0.573ms returns FALSE
T483FB6C0 056:480.563   CPU_ReadMem(72 bytes @ 0x200046E4)
T483FB6C0 056:531.387   CPU_ReadMem(72 bytes @ 0x200046E4)
T457F36C0 056:541.767 JLINK_IsHalted()
T457F36C0 056:542.414 - 0.648ms returns FALSE
T483FB6C0 056:561.951   CPU_ReadMem(72 bytes @ 0x200046E4)
T483FB6C0 056:592.719   CPU_ReadMem(72 bytes @ 0x200046E4)
T457F36C0 056:642.892 JLINK_IsHalted()
T457F36C0 056:643.587 - 0.691ms returns FALSE
T483FB6C0 056:643.699   CPU_ReadMem(72 bytes @ 0x200046E4)
T483FB6C0 056:694.644   CPU_ReadMem(72 bytes @ 0x200046E4)
T457F36C0 056:743.869 JLINK_IsHalted()
T457F36C0 056:744.507 - 0.638ms returns FALSE
T483FB6C0 056:745.485   CPU_ReadMem(72 bytes @ 0x200046E4)
T483FB6C0 056:796.274   CPU_ReadMem(72 bytes @ 0x200046E4)
T483FB6C0 056:826.784   CPU_ReadMem(72 bytes @ 0x200046E4)
T457F36C0 056:844.963 JLINK_IsHalted()
T457F36C0 056:845.712 - 0.750ms returns FALSE
T483FB6C0 056:877.618   CPU_ReadMem(72 bytes @ 0x200046E4)
T483FB6C0 056:928.268   CPU_ReadMem(72 bytes @ 0x200046E4)
T457F36C0 056:945.975 JLINK_IsHalted()
T457F36C0 056:946.544 - 0.567ms returns FALSE
T483FB6C0 056:958.719   CPU_ReadMem(72 bytes @ 0x200046E4)
T483FB6C0 057:009.414   CPU_ReadMem(72 bytes @ 0x200046E4)
T483FB6C0 057:040.009   CPU_ReadMem(72 bytes @ 0x200046E4)
T457F36C0 057:050.393 JLINK_IsHalted()
T457F36C0 057:050.966 - 0.573ms returns FALSE
T483FB6C0 057:070.525   CPU_ReadMem(72 bytes @ 0x200046E4)
T483FB6C0 057:121.290   CPU_ReadMem(72 bytes @ 0x200046E4)
T483FB6C0 057:151.763   CPU_ReadMem(72 bytes @ 0x200046E4)
T457F36C0 057:161.981 JLINK_IsHalted()
T457F36C0 057:162.442 - 0.462ms returns FALSE
T483FB6C0 057:202.177   CPU_ReadMem(144 bytes @ 0x200046E4)
T483FB6C0 057:215.249   CPU_ReadMem(72 bytes @ 0x200046E4)
T44FF26C0 057:230.637 JLINK_IsHalted()
T44FF26C0 057:231.531 - 0.892ms returns FALSE
T457F36C0 057:262.840 JLINK_IsHalted()
T457F36C0 057:263.358 - 0.517ms returns FALSE
T483FB6C0 057:286.732   CPU_ReadMem(72 bytes @ 0x200046E4)
T483FB6C0 057:337.665   CPU_ReadMem(72 bytes @ 0x200046E4)
T457F36C0 057:363.856 JLINK_IsHalted()
T457F36C0 057:364.691 - 0.834ms returns FALSE
T483FB6C0 057:388.764   CPU_ReadMem(72 bytes @ 0x200046E4)
T483FB6C0 057:439.887   CPU_ReadMem(72 bytes @ 0x200046E4)
T457F36C0 057:464.897 JLINK_IsHalted()
T457F36C0 057:465.664 - 0.767ms returns FALSE
T483FB6C0 057:470.689   CPU_ReadMem(72 bytes @ 0x200046E4)
T483FB6C0 057:521.601   CPU_ReadMem(72 bytes @ 0x200046E4)
T457F36C0 057:565.913 JLINK_IsHalted()
T457F36C0 057:566.700 - 0.786ms returns FALSE
T483FB6C0 057:572.474   CPU_ReadMem(72 bytes @ 0x200046E4)
T483FB6C0 057:623.441   CPU_ReadMem(72 bytes @ 0x200046E4)
T457F36C0 057:666.830 JLINK_IsHalted()
T457F36C0 057:667.581 - 0.750ms returns FALSE
T483FB6C0 057:675.109   CPU_ReadMem(72 bytes @ 0x200046E4)
T483FB6C0 057:705.902   CPU_ReadMem(72 bytes @ 0x200046E4)
T483FB6C0 057:736.693   CPU_ReadMem(72 bytes @ 0x200046E4)
T457F36C0 057:767.841 JLINK_IsHalted()
T457F36C0 057:768.606 - 0.765ms returns FALSE
T483FB6C0 057:787.721   CPU_ReadMem(72 bytes @ 0x200046E4)
T483FB6C0 057:838.862   CPU_ReadMem(72 bytes @ 0x200046E4)
T457F36C0 057:868.885 JLINK_IsHalted()
T457F36C0 057:869.610 - 0.724ms returns FALSE
T483FB6C0 057:869.796   CPU_ReadMem(72 bytes @ 0x200046E4)
T483FB6C0 057:920.892   CPU_ReadMem(72 bytes @ 0x200046E4)
T483FB6C0 057:951.677   CPU_ReadMem(72 bytes @ 0x200046E4)
T457F36C0 057:969.984 JLINK_IsHalted()
T457F36C0 057:970.835 - 0.849ms returns FALSE
T483FB6C0 058:002.669   CPU_ReadMem(72 bytes @ 0x200046E4)
T483FB6C0 058:053.487   CPU_ReadMem(72 bytes @ 0x200046E4)
T457F36C0 058:071.978 JLINK_IsHalted()
T457F36C0 058:072.831 - 0.853ms returns FALSE
T483FB6C0 058:104.634   CPU_ReadMem(72 bytes @ 0x200046E4)
T483FB6C0 058:155.638   CPU_ReadMem(72 bytes @ 0x200046E4)
T457F36C0 058:173.976 JLINK_IsHalted()
T457F36C0 058:174.937 - 0.961ms returns FALSE
T483FB6C0 058:206.569   CPU_ReadMem(144 bytes @ 0x200046E4)
T483FB6C0 058:219.612   CPU_ReadMem(72 bytes @ 0x200046E4)
T44FF26C0 058:232.903 JLINK_IsHalted()
T44FF26C0 058:233.681 - 0.778ms returns FALSE
T457F36C0 058:275.973 JLINK_IsHalted()
T457F36C0 058:276.814 - 0.841ms returns FALSE
T483FB6C0 058:290.430   CPU_ReadMem(72 bytes @ 0x200046E4)
T483FB6C0 058:342.055   CPU_ReadMem(72 bytes @ 0x200046E4)
T483FB6C0 058:372.787   CPU_ReadMem(72 bytes @ 0x200046E4)
T457F36C0 058:383.456 JLINK_IsHalted()
T457F36C0 058:384.244 - 0.787ms returns FALSE
T483FB6C0 058:423.649   CPU_ReadMem(72 bytes @ 0x200046E4)
T483FB6C0 058:474.748   CPU_ReadMem(72 bytes @ 0x200046E4)
T457F36C0 058:485.550 JLINK_IsHalted()
T457F36C0 058:486.384 - 0.830ms returns FALSE
T483FB6C0 058:525.477   CPU_ReadMem(72 bytes @ 0x200046E4)
T483FB6C0 058:555.748   CPU_ReadMem(72 bytes @ 0x200046E4)
T457F36C0 058:586.840 JLINK_IsHalted()
T457F36C0 058:587.538 - 0.699ms returns FALSE
T483FB6C0 058:606.253   CPU_ReadMem(72 bytes @ 0x200046E4)
T483FB6C0 058:636.828   CPU_ReadMem(72 bytes @ 0x200046E4)
T483FB6C0 058:667.195   CPU_ReadMem(72 bytes @ 0x200046E4)
T457F36C0 058:687.888 JLINK_IsHalted()
T457F36C0 058:688.569 - 0.681ms returns FALSE
T483FB6C0 058:697.730   CPU_ReadMem(72 bytes @ 0x200046E4)
T483FB6C0 058:748.414   CPU_ReadMem(72 bytes @ 0x200046E4)
T483FB6C0 058:778.898   CPU_ReadMem(72 bytes @ 0x200046E4)
T457F36C0 058:789.149 JLINK_IsHalted()
T457F36C0 058:789.814 - 0.666ms returns FALSE
T483FB6C0 058:809.319   CPU_ReadMem(72 bytes @ 0x200046E4)
T483FB6C0 058:839.810   CPU_ReadMem(72 bytes @ 0x200046E4)
T483FB6C0 058:890.389   CPU_ReadMem(72 bytes @ 0x200046E4)
T457F36C0 058:900.861 JLINK_IsHalted()
T457F36C0 058:901.377 - 0.514ms returns FALSE
T483FB6C0 058:920.922   CPU_ReadMem(72 bytes @ 0x200046E4)
T483FB6C0 058:951.324   CPU_ReadMem(72 bytes @ 0x200046E4)
T483FB6C0 058:981.922   CPU_ReadMem(72 bytes @ 0x200046E4)
T457F36C0 059:001.820 JLINK_IsHalted()
T457F36C0 059:002.506 - 0.684ms returns FALSE
T483FB6C0 059:012.414   CPU_ReadMem(72 bytes @ 0x200046E4)
T483FB6C0 059:043.001   CPU_ReadMem(72 bytes @ 0x200046E4)
T483FB6C0 059:073.486   CPU_ReadMem(72 bytes @ 0x200046E4)
T457F36C0 059:102.908 JLINK_IsHalted()
T457F36C0 059:103.640 - 0.729ms returns FALSE
T483FB6C0 059:124.067   CPU_ReadMem(72 bytes @ 0x200046E4)
T483FB6C0 059:154.648   CPU_ReadMem(72 bytes @ 0x200046E4)
T457F36C0 059:203.825 JLINK_IsHalted()
T457F36C0 059:204.530 - 0.703ms returns FALSE
T483FB6C0 059:205.319   CPU_ReadMem(72 bytes @ 0x200046E4)
T44FF26C0 059:234.459 JLINK_IsHalted()
T44FF26C0 059:235.115 - 0.656ms returns FALSE
T483FB6C0 059:235.733   CPU_ReadMem(144 bytes @ 0x200046E4)
T483FB6C0 059:249.055   CPU_ReadMem(72 bytes @ 0x200046E4)
T457F36C0 059:304.903 JLINK_IsHalted()
T457F36C0 059:305.768 - 0.860ms returns FALSE
T483FB6C0 059:319.576   CPU_ReadMem(72 bytes @ 0x200046E4)
T483FB6C0 059:371.572   CPU_ReadMem(72 bytes @ 0x200046E4)
T457F36C0 059:406.916 JLINK_IsHalted()
T457F36C0 059:407.519 - 0.600ms returns FALSE
T483FB6C0 059:422.138   CPU_ReadMem(72 bytes @ 0x200046E4)
T483FB6C0 059:452.624   CPU_ReadMem(72 bytes @ 0x200046E4)
T483FB6C0 059:503.232   CPU_ReadMem(72 bytes @ 0x200046E4)
T457F36C0 059:513.837 JLINK_IsHalted()
T457F36C0 059:514.465 - 0.627ms returns FALSE
T483FB6C0 059:533.951   CPU_ReadMem(72 bytes @ 0x200046E4)
T483FB6C0 059:564.423   CPU_ReadMem(72 bytes @ 0x200046E4)
T483FB6C0 059:594.940   CPU_ReadMem(72 bytes @ 0x200046E4)
T457F36C0 059:614.826 JLINK_IsHalted()
T457F36C0 059:615.571 - 0.742ms returns FALSE
T483FB6C0 059:625.260   CPU_ReadMem(72 bytes @ 0x200046E4)
T483FB6C0 059:655.766   CPU_ReadMem(72 bytes @ 0x200046E4)
T483FB6C0 059:706.789   CPU_ReadMem(72 bytes @ 0x200046E4)
T457F36C0 059:717.491 JLINK_IsHalted()
T457F36C0 059:718.250 - 0.758ms returns FALSE
T483FB6C0 059:757.754   CPU_ReadMem(72 bytes @ 0x200046E4)
T483FB6C0 059:808.733   CPU_ReadMem(72 bytes @ 0x200046E4)
T457F36C0 059:819.439 JLINK_IsHalted()
T457F36C0 059:819.996 - 0.569ms returns FALSE
T483FB6C0 059:859.548   CPU_ReadMem(72 bytes @ 0x200046E4)
T483FB6C0 059:910.256   CPU_ReadMem(72 bytes @ 0x200046E4)
T457F36C0 059:920.838 JLINK_IsHalted()
T457F36C0 059:921.383 - 0.543ms returns FALSE
T483FB6C0 059:940.845   CPU_ReadMem(72 bytes @ 0x200046E4)
T483FB6C0 059:971.695   CPU_ReadMem(72 bytes @ 0x200046E4)
T457F36C0 060:021.825 JLINK_IsHalted()
T457F36C0 060:022.350 - 0.523ms returns FALSE
T483FB6C0 060:022.478   CPU_ReadMem(72 bytes @ 0x200046E4)
T483FB6C0 060:073.101   CPU_ReadMem(72 bytes @ 0x200046E4)
T483FB6C0 060:103.714   CPU_ReadMem(72 bytes @ 0x200046E4)
T457F36C0 060:122.934 JLINK_IsHalted()
T457F36C0 060:123.699 - 0.766ms returns FALSE
T483FB6C0 060:154.531   CPU_ReadMem(72 bytes @ 0x200046E4)
T483FB6C0 060:205.379   CPU_ReadMem(72 bytes @ 0x200046E4)
T457F36C0 060:223.949 JLINK_IsHalted()
T457F36C0 060:224.690 - 0.740ms returns FALSE
T483FB6C0 060:235.694   CPU_ReadMem(72 bytes @ 0x200046E4)
T44FF26C0 060:246.045 JLINK_IsHalted()
T44FF26C0 060:246.614 - 0.569ms returns FALSE
T483FB6C0 060:286.418   CPU_ReadMem(144 bytes @ 0x200046E4)
T483FB6C0 060:299.499   CPU_ReadMem(72 bytes @ 0x200046E4)
T457F36C0 060:324.922 JLINK_IsHalted()
T457F36C0 060:325.865 - 0.944ms returns FALSE
T483FB6C0 060:370.666   CPU_ReadMem(72 bytes @ 0x200046E4)
T483FB6C0 060:422.113   CPU_ReadMem(72 bytes @ 0x200046E4)
T457F36C0 060:432.863 JLINK_IsHalted()
T457F36C0 060:433.621 - 0.757ms returns FALSE
T483FB6C0 060:452.879   CPU_ReadMem(72 bytes @ 0x200046E4)
T483FB6C0 060:483.484   CPU_ReadMem(72 bytes @ 0x200046E4)
T457F36C0 060:533.979 JLINK_IsHalted()
T457F36C0 060:534.840 - 0.861ms returns FALSE
T483FB6C0 060:535.115   CPU_ReadMem(72 bytes @ 0x200046E4)
T483FB6C0 060:565.834   CPU_ReadMem(72 bytes @ 0x200046E4)
T483FB6C0 060:616.895   CPU_ReadMem(72 bytes @ 0x200046E4)
T457F36C0 060:635.886 JLINK_IsHalted()
T457F36C0 060:636.646 - 0.759ms returns FALSE
T483FB6C0 060:647.591   CPU_ReadMem(72 bytes @ 0x200046E4)
T483FB6C0 060:699.162   CPU_ReadMem(72 bytes @ 0x200046E4)
T483FB6C0 060:729.934   CPU_ReadMem(72 bytes @ 0x200046E4)
T457F36C0 060:740.526 JLINK_IsHalted()
T457F36C0 060:741.214 - 0.688ms returns FALSE
T483FB6C0 060:760.626   CPU_ReadMem(72 bytes @ 0x200046E4)
T483FB6C0 060:811.602   CPU_ReadMem(72 bytes @ 0x200046E4)
T457F36C0 060:841.859 JLINK_IsHalted()
T457F36C0 060:842.705 - 0.846ms returns FALSE
T483FB6C0 060:863.237   CPU_ReadMem(72 bytes @ 0x200046E4)
T483FB6C0 060:893.949   CPU_ReadMem(72 bytes @ 0x200046E4)
T483FB6C0 060:924.637   CPU_ReadMem(72 bytes @ 0x200046E4)
T457F36C0 060:942.826 JLINK_IsHalted()
T457F36C0 060:943.572 - 0.746ms returns FALSE
T483FB6C0 060:975.439   CPU_ReadMem(72 bytes @ 0x200046E4)
T483FB6C0 061:006.038   CPU_ReadMem(72 bytes @ 0x200046E4)
T483FB6C0 061:036.986   CPU_ReadMem(72 bytes @ 0x200046E4)
T457F36C0 061:047.785 JLINK_IsHalted()
T457F36C0 061:048.560 - 0.773ms returns FALSE
T483FB6C0 061:067.774   CPU_ReadMem(72 bytes @ 0x200046E4)
T483FB6C0 061:118.477   CPU_ReadMem(72 bytes @ 0x200046E4)
T457F36C0 061:148.844 JLINK_IsHalted()
T457F36C0 061:149.455 - 0.612ms returns FALSE
T483FB6C0 061:169.763   CPU_ReadMem(72 bytes @ 0x200046E4)
T483FB6C0 061:220.181   CPU_ReadMem(72 bytes @ 0x200046E4)
T44FF26C0 061:247.765 JLINK_IsHalted()
T44FF26C0 061:248.657 - 0.892ms returns FALSE
T457F36C0 061:249.956 JLINK_IsHalted()
T457F36C0 061:250.564 - 0.605ms returns FALSE
T483FB6C0 061:250.724   CPU_ReadMem(72 bytes @ 0x200046E4)
T483FB6C0 061:301.116   CPU_ReadMem(144 bytes @ 0x200046E4)
T483FB6C0 061:314.205   CPU_ReadMem(72 bytes @ 0x200046E4)
T457F36C0 061:350.906 JLINK_IsHalted()
T457F36C0 061:351.576 - 0.671ms returns FALSE
T483FB6C0 061:384.960   CPU_ReadMem(72 bytes @ 0x200046E4)
T483FB6C0 061:415.511   CPU_ReadMem(72 bytes @ 0x200046E4)
T457F36C0 061:451.923 JLINK_IsHalted()
T457F36C0 061:452.619 - 0.693ms returns FALSE
T483FB6C0 061:466.731   CPU_ReadMem(72 bytes @ 0x200046E4)
T483FB6C0 061:517.650   CPU_ReadMem(72 bytes @ 0x200046E4)
T457F36C0 061:552.971 JLINK_IsHalted()
T457F36C0 061:553.586 - 0.615ms returns FALSE
T483FB6C0 061:568.171   CPU_ReadMem(72 bytes @ 0x200046E4)
T483FB6C0 061:598.660   CPU_ReadMem(72 bytes @ 0x200046E4)
T483FB6C0 061:649.119   CPU_ReadMem(72 bytes @ 0x200046E4)
T457F36C0 061:659.771 JLINK_IsHalted()
T457F36C0 061:660.536 - 0.761ms returns FALSE
T483FB6C0 061:679.604   CPU_ReadMem(72 bytes @ 0x200046E4)
T483FB6C0 061:730.531   CPU_ReadMem(72 bytes @ 0x200046E4)
T457F36C0 061:760.828 JLINK_IsHalted()
T457F36C0 061:761.476 - 0.644ms returns FALSE
T483FB6C0 061:781.742   CPU_ReadMem(72 bytes @ 0x200046E4)
T483FB6C0 061:832.694   CPU_ReadMem(72 bytes @ 0x200046E4)
T457F36C0 061:861.822 JLINK_IsHalted()
T457F36C0 061:862.612 - 0.787ms returns FALSE
T483FB6C0 061:883.542   CPU_ReadMem(72 bytes @ 0x200046E4)
T483FB6C0 061:934.255   CPU_ReadMem(72 bytes @ 0x200046E4)
T457F36C0 061:962.923 JLINK_IsHalted()
T457F36C0 061:963.624 - 0.698ms returns FALSE
T483FB6C0 061:985.222   CPU_ReadMem(72 bytes @ 0x200046E4)
T483FB6C0 062:036.375   CPU_ReadMem(72 bytes @ 0x200046E4)
T457F36C0 062:063.853 JLINK_IsHalted()
T457F36C0 062:064.619 - 0.763ms returns FALSE
T483FB6C0 062:066.834   CPU_ReadMem(72 bytes @ 0x200046E4)
T483FB6C0 062:097.363   CPU_ReadMem(72 bytes @ 0x200046E4)
T483FB6C0 062:127.918   CPU_ReadMem(72 bytes @ 0x200046E4)
T483FB6C0 062:158.497   CPU_ReadMem(72 bytes @ 0x200046E4)
T457F36C0 062:168.975 JLINK_IsHalted()
T457F36C0 062:169.513 - 0.539ms returns FALSE
T483FB6C0 062:209.259   CPU_ReadMem(72 bytes @ 0x200046E4)
T483FB6C0 062:239.675   CPU_ReadMem(72 bytes @ 0x200046E4)
T44FF26C0 062:250.154 JLINK_IsHalted()
T44FF26C0 062:250.669 - 0.515ms returns FALSE
T457F36C0 062:269.814 JLINK_IsHalted()
T457F36C0 062:270.440 - 0.622ms returns FALSE
T483FB6C0 062:290.637   CPU_ReadMem(72 bytes @ 0x200046E4)
T483FB6C0 062:341.251   CPU_ReadMem(144 bytes @ 0x200046E4)
T483FB6C0 062:354.556   CPU_ReadMem(72 bytes @ 0x200046E4)
T457F36C0 062:370.827 JLINK_IsHalted()
T457F36C0 062:371.459 - 0.629ms returns FALSE
T483FB6C0 062:425.724   CPU_ReadMem(72 bytes @ 0x200046E4)
T457F36C0 062:471.927 JLINK_IsHalted()
T457F36C0 062:472.844 - 0.918ms returns FALSE
T483FB6C0 062:477.865   CPU_ReadMem(72 bytes @ 0x200046E4)
T483FB6C0 062:508.787   CPU_ReadMem(72 bytes @ 0x200046E4)
T483FB6C0 062:559.982   CPU_ReadMem(72 bytes @ 0x200046E4)
T457F36C0 062:573.906 JLINK_IsHalted()
T457F36C0 062:574.719 - 0.810ms returns FALSE
T483FB6C0 062:590.837   CPU_ReadMem(72 bytes @ 0x200046E4)
T483FB6C0 062:621.576   CPU_ReadMem(72 bytes @ 0x200046E4)
T483FB6C0 062:672.746   CPU_ReadMem(72 bytes @ 0x200046E4)
T457F36C0 062:683.655 JLINK_IsHalted()
T457F36C0 062:684.461 - 0.806ms returns FALSE
T483FB6C0 062:723.943   CPU_ReadMem(72 bytes @ 0x200046E4)
T483FB6C0 062:754.730   CPU_ReadMem(72 bytes @ 0x200046E4)
T457F36C0 062:784.831 JLINK_IsHalted()
T457F36C0 062:785.570 - 0.738ms returns FALSE
T483FB6C0 062:805.917   CPU_ReadMem(72 bytes @ 0x200046E4)
T483FB6C0 062:836.685   CPU_ReadMem(72 bytes @ 0x200046E4)
T457F36C0 062:885.894 JLINK_IsHalted()
T457F36C0 062:886.631 - 0.735ms returns FALSE
T483FB6C0 062:887.605   CPU_ReadMem(72 bytes @ 0x200046E4)
T483FB6C0 062:938.648   CPU_ReadMem(72 bytes @ 0x200046E4)
T457F36C0 062:986.829 JLINK_IsHalted()
T457F36C0 062:987.563 - 0.733ms returns FALSE
T483FB6C0 062:989.642   CPU_ReadMem(72 bytes @ 0x200046E4)
T483FB6C0 063:040.631   CPU_ReadMem(72 bytes @ 0x200046E4)
T457F36C0 063:087.917 JLINK_IsHalted()
T457F36C0 063:088.686 - 0.770ms returns FALSE
T483FB6C0 063:091.973   CPU_ReadMem(72 bytes @ 0x200046E4)
T483FB6C0 063:122.750   CPU_ReadMem(72 bytes @ 0x200046E4)
T483FB6C0 063:173.725   CPU_ReadMem(72 bytes @ 0x200046E4)
T457F36C0 063:188.945 JLINK_IsHalted()
T457F36C0 063:189.872 - 0.913ms returns FALSE
T483FB6C0 063:224.779   CPU_ReadMem(72 bytes @ 0x200046E4)
T44FF26C0 063:251.817 JLINK_IsHalted()
T44FF26C0 063:252.629 - 0.830ms returns FALSE
T483FB6C0 063:275.876   CPU_ReadMem(72 bytes @ 0x200046E4)
T457F36C0 063:290.918 JLINK_IsHalted()
T457F36C0 063:291.700 - 0.783ms returns FALSE
T483FB6C0 063:306.613   CPU_ReadMem(72 bytes @ 0x200046E4)
T483FB6C0 063:357.642   CPU_ReadMem(144 bytes @ 0x200046E4)
T483FB6C0 063:370.942   CPU_ReadMem(72 bytes @ 0x200046E4)
T457F36C0 063:391.889 JLINK_IsHalted()
T457F36C0 063:392.751 - 0.863ms returns FALSE
T483FB6C0 063:442.173   CPU_ReadMem(72 bytes @ 0x200046E4)
T483FB6C0 063:472.681   CPU_ReadMem(72 bytes @ 0x200046E4)
T457F36C0 063:492.823 JLINK_IsHalted()
T457F36C0 063:493.520 - 0.697ms returns FALSE
T483FB6C0 063:523.987   CPU_ReadMem(72 bytes @ 0x200046E4)
T483FB6C0 063:554.771   CPU_ReadMem(72 bytes @ 0x200046E4)
T457F36C0 063:593.927 JLINK_IsHalted()
T457F36C0 063:594.850 - 0.923ms returns FALSE
T483FB6C0 063:605.951   CPU_ReadMem(72 bytes @ 0x200046E4)
T483FB6C0 063:636.717   CPU_ReadMem(72 bytes @ 0x200046E4)
T483FB6C0 063:688.299   CPU_ReadMem(72 bytes @ 0x200046E4)
T457F36C0 063:698.939 JLINK_IsHalted()
T457F36C0 063:699.671 - 0.731ms returns FALSE
T483FB6C0 063:719.063   CPU_ReadMem(72 bytes @ 0x200046E4)
T483FB6C0 063:749.858   CPU_ReadMem(72 bytes @ 0x200046E4)
T483FB6C0 063:780.574   CPU_ReadMem(72 bytes @ 0x200046E4)
T457F36C0 063:799.987 JLINK_IsHalted()
T457F36C0 063:800.847 - 0.809ms returns FALSE
T483FB6C0 063:831.578   CPU_ReadMem(72 bytes @ 0x200046E4)
T483FB6C0 063:882.674   CPU_ReadMem(72 bytes @ 0x200046E4)
T457F36C0 063:901.921 JLINK_IsHalted()
T457F36C0 063:902.741 - 0.820ms returns FALSE
T483FB6C0 063:933.618   CPU_ReadMem(72 bytes @ 0x200046E4)
T483FB6C0 063:984.334   CPU_ReadMem(72 bytes @ 0x200046E4)
T457F36C0 064:002.852 JLINK_IsHalted()
T457F36C0 064:003.581 - 0.731ms returns FALSE
T483FB6C0 064:014.931   CPU_ReadMem(72 bytes @ 0x200046E4)
T483FB6C0 064:045.559   CPU_ReadMem(72 bytes @ 0x200046E4)
T457F36C0 064:074.399 JLINK_IsHalted()
T457F36C0 064:075.086 - 0.687ms returns FALSE
T457F36C0 064:075.158 JLINK_IsHalted()
T457F36C0 064:075.717 - 0.558ms returns FALSE
T457F36C0 064:075.740 JLINK_Halt()
T457F36C0 064:093.460   CPU_ReadMem(72 bytes @ 0x200046E4)
T457F36C0 064:098.153 - 22.411ms returns 0x00
T457F36C0 064:098.247 JLINK_IsHalted()
T457F36C0 064:098.255 - 0.008ms returns TRUE
T457F36C0 064:098.310 JLINK_IsHalted()
T457F36C0 064:098.315 - 0.004ms returns TRUE
T457F36C0 064:099.282 JLINK_ReadReg(X0)
T457F36C0 064:099.296 - 0.015ms returns 0x00000000
T457F36C0 064:099.304 JLINK_ReadReg(X1)
T457F36C0 064:099.308 - 0.005ms returns 0x00000FC0
T457F36C0 064:099.314 JLINK_ReadReg(X2)
T457F36C0 064:099.318 - 0.005ms returns 0x20006FBC
T457F36C0 064:099.323 JLINK_ReadReg(X3)
T457F36C0 064:099.327 - 0.005ms returns 0x00000800
T457F36C0 064:099.331 JLINK_ReadReg(X4)
T457F36C0 064:099.335 - 0.004ms returns 0x00000000
T457F36C0 064:099.340 JLINK_ReadReg(X5)
T457F36C0 064:099.344 - 0.004ms returns 0xFFFFFFFF
T457F36C0 064:099.348 JLINK_ReadReg(X6)
T457F36C0 064:099.352 - 0.004ms returns 0xE6000000
T457F36C0 064:099.356 JLINK_ReadReg(X7)
T457F36C0 064:099.360 - 0.004ms returns 0x65522067
T457F36C0 064:099.364 JLINK_ReadReg(X8)
T457F36C0 064:099.369 - 0.004ms returns 0x00000000
T457F36C0 064:099.373 JLINK_ReadReg(X9)
T457F36C0 064:099.377 - 0.004ms returns 0x00000000
T457F36C0 064:099.381 JLINK_ReadReg(X10)
T457F36C0 064:099.386 - 0.004ms returns 0x00003333
T457F36C0 064:099.390 JLINK_ReadReg(X11)
T457F36C0 064:099.394 - 0.004ms returns 0x00000000
T457F36C0 064:099.398 JLINK_ReadReg(X12)
T457F36C0 064:099.427 - 0.030ms returns 0x20006F60
T457F36C0 064:099.432 JLINK_ReadReg(X13)
T457F36C0 064:099.436 - 0.004ms returns 0x200047D3
T457F36C0 064:099.440 JLINK_ReadReg(X14)
T457F36C0 064:099.444 - 0.004ms returns 0x0000000A
T457F36C0 064:099.448 JLINK_ReadReg(X15)
T457F36C0 064:099.452 - 0.004ms returns 0x00000000
T457F36C0 064:099.456 JLINK_ReadReg(X16)
T457F36C0 064:099.460 - 0.004ms returns 0x0000004D
T457F36C0 064:099.465 JLINK_ReadReg(X17)
T457F36C0 064:099.469 - 0.004ms returns 0x200047D3
T457F36C0 064:099.473 JLINK_ReadReg(X18)
T457F36C0 064:099.477 - 0.004ms returns 0x00000000
T457F36C0 064:099.481 JLINK_ReadReg(X19)
T457F36C0 064:099.485 - 0.004ms returns 0x00000000
T457F36C0 064:099.489 JLINK_ReadReg(X20)
T457F36C0 064:099.493 - 0.003ms returns 0x00000000
T457F36C0 064:099.497 JLINK_ReadReg(X21)
T457F36C0 064:099.501 - 0.003ms returns 0x00000000
T457F36C0 064:099.505 JLINK_ReadReg(X22)
T457F36C0 064:099.509 - 0.003ms returns 0x00000000
T457F36C0 064:099.513 JLINK_ReadReg(X23)
T457F36C0 064:099.517 - 0.004ms returns 0x00000000
T457F36C0 064:099.521 JLINK_ReadReg(X24)
T457F36C0 064:099.525 - 0.004ms returns 0x00000000
T457F36C0 064:099.529 JLINK_ReadReg(X25)
T457F36C0 064:099.533 - 0.004ms returns 0x00000000
T457F36C0 064:099.538 JLINK_ReadReg(X26)
T457F36C0 064:099.542 - 0.004ms returns 0x00000000
T457F36C0 064:099.546 JLINK_ReadReg(X27)
T457F36C0 064:099.550 - 0.005ms returns 0x00000000
T457F36C0 064:099.554 JLINK_ReadReg(X28)
T457F36C0 064:099.558 - 0.004ms returns 0x6173656E
T457F36C0 064:099.562 JLINK_ReadReg(X29)
T457F36C0 064:099.566 - 0.004ms returns 0x39522073
T457F36C0 064:099.570 JLINK_ReadReg(X30)
T457F36C0 064:099.574 - 0.004ms returns 0x47323041
T457F36C0 064:099.578 JLINK_ReadReg(X31)
T457F36C0 064:099.582 - 0.004ms returns 0x20313230
T457F36C0 064:099.586 JLINK_ReadReg(PC)
T457F36C0 064:099.590 - 0.004ms returns 0x00000FC4
T483FB6C0 064:118.864   CPU_ReadMem(72 bytes @ 0x200046E4)
T483FB6C0 064:143.460   CPU_ReadMem(72 bytes @ 0x200046E4)
T483FB6C0 064:168.054   CPU_ReadMem(72 bytes @ 0x200046E4)
T483FB6C0 064:192.641   CPU_ReadMem(72 bytes @ 0x200046E4)
T483FB6C0 064:217.224   CPU_ReadMem(72 bytes @ 0x200046E4)
T483FB6C0 064:242.068   CPU_ReadMem(72 bytes @ 0x200046E4)
T483FB6C0 064:266.844   CPU_ReadMem(72 bytes @ 0x200046E4)
T483FB6C0 064:291.493   CPU_ReadMem(72 bytes @ 0x200046E4)
T483FB6C0 064:316.211   CPU_ReadMem(72 bytes @ 0x200046E4)
T483FB6C0 064:341.010   CPU_ReadMem(72 bytes @ 0x200046E4)
T483FB6C0 064:365.682   CPU_ReadMem(144 bytes @ 0x200046E4)
T483FB6C0 064:373.066   CPU_ReadMem(72 bytes @ 0x200046E4)
T483FB6C0 064:418.338   CPU_ReadMem(72 bytes @ 0x200046E4)
T483FB6C0 064:443.296   CPU_ReadMem(72 bytes @ 0x200046E4)
T483FB6C0 064:468.213   CPU_ReadMem(72 bytes @ 0x200046E4)
T483FB6C0 064:492.983   CPU_ReadMem(72 bytes @ 0x200046E4)
T483FB6C0 064:517.902   CPU_ReadMem(72 bytes @ 0x200046E4)
T483FB6C0 064:543.468   CPU_ReadMem(72 bytes @ 0x200046E4)
T483FB6C0 064:568.400   CPU_ReadMem(72 bytes @ 0x200046E4)
T483FB6C0 064:593.265   CPU_ReadMem(72 bytes @ 0x200046E4)
T4CE9DC00 064:610.005 JLINK_Halt()
T4CE9DC00 064:610.668 - 0.662ms returns 0x00
T4CE9DC00 064:620.355 JLINK_Close()
T4CE9DC00 064:620.698   OnDisconnectTarget() start
T4CE9DC00 064:620.723    J-Link Script File: Executing OnDisconnectTarget()
T4CE9DC00 064:620.752   CPU_ReadMem(2 bytes @ 0x4001E3FE)
T4CE9DC00 064:622.255   CPU_WriteMem(2 bytes @ 0x4001E3FE)
T4CE9DC00 064:623.510   CPU_WriteMem(1 bytes @ 0x4001E40E)
T4CE9DC00 064:624.855   CPU_WriteMem(2 bytes @ 0x4001E3FE)
T4CE9DC00 064:626.051   OnDisconnectTarget() end - Took 5.32ms
T4CE9DC00 064:654.915 - 34.552ms
T4CE9DC00 064:654.955   
T4CE9DC00 064:654.961   Closed
